[11-Apr-2025 19:59:51 UTC] Database connection failed: could not find driver
[11-Apr-2025 19:59:51 UTC] PHP Fatal error:  Uncaught Exception: Database connection failed. Please try again later. in C:\Users\Ismail\Desktop\Projects\Website\includes\Database.php:15
Stack trace:
#0 C:\Users\Ismail\Desktop\Projects\Website\includes\Database.php(21): Database->__construct()
#1 C:\Users\Ismail\Desktop\Projects\Website\includes\Auth.php(12): Database::getInstance()
#2 C:\Users\Ismail\Desktop\Projects\Website\includes\Auth.php(18): Auth->__construct()
#3 C:\Users\Ismail\Desktop\Projects\Website\index.php(6): Auth::getInstance()
#4 {main}
  thrown in C:\Users\Ismail\Desktop\Projects\Website\includes\Database.php on line 15
[11-Apr-2025 20:00:11 UTC] Database connection failed: could not find driver
[11-Apr-2025 20:00:11 UTC] PHP Fatal error:  Uncaught Exception: Database connection failed. Please try again later. in C:\Users\Ismail\Desktop\Projects\Website\includes\Database.php:15
Stack trace:
#0 C:\Users\Ismail\Desktop\Projects\Website\includes\Database.php(21): Database->__construct()
#1 C:\Users\Ismail\Desktop\Projects\Website\setup.php(6): Database::getInstance()
#2 {main}
  thrown in C:\Users\Ismail\Desktop\Projects\Website\includes\Database.php on line 15
[11-Apr-2025 20:00:47 UTC] Database connection failed: could not find driver
[11-Apr-2025 20:00:47 UTC] PHP Fatal error:  Uncaught Exception: Database connection failed. Please try again later. in C:\Users\Ismail\Desktop\Projects\Website\includes\Database.php:15
Stack trace:
#0 C:\Users\Ismail\Desktop\Projects\Website\includes\Database.php(21): Database->__construct()
#1 C:\Users\Ismail\Desktop\Projects\Website\includes\Auth.php(12): Database::getInstance()
#2 C:\Users\Ismail\Desktop\Projects\Website\includes\Auth.php(18): Auth->__construct()
#3 C:\Users\Ismail\Desktop\Projects\Website\index.php(6): Auth::getInstance()
#4 {main}
  thrown in C:\Users\Ismail\Desktop\Projects\Website\includes\Database.php on line 15
[11-Apr-2025 20:00:50 UTC] Database connection failed: could not find driver
[11-Apr-2025 20:00:50 UTC] PHP Fatal error:  Uncaught Exception: Database connection failed. Please try again later. in C:\Users\Ismail\Desktop\Projects\Website\includes\Database.php:15
Stack trace:
#0 C:\Users\Ismail\Desktop\Projects\Website\includes\Database.php(21): Database->__construct()
#1 C:\Users\Ismail\Desktop\Projects\Website\includes\Auth.php(12): Database::getInstance()
#2 C:\Users\Ismail\Desktop\Projects\Website\includes\Auth.php(18): Auth->__construct()
#3 C:\Users\Ismail\Desktop\Projects\Website\index.php(6): Auth::getInstance()
#4 {main}
  thrown in C:\Users\Ismail\Desktop\Projects\Website\includes\Database.php on line 15
[11-Apr-2025 20:01:31 UTC] Database connection failed: could not find driver
[11-Apr-2025 20:01:31 UTC] PHP Fatal error:  Uncaught Exception: Database connection failed. Please try again later. in C:\Users\Ismail\Desktop\Projects\Website\includes\Database.php:15
Stack trace:
#0 C:\Users\Ismail\Desktop\Projects\Website\includes\Database.php(21): Database->__construct()
#1 C:\Users\Ismail\Desktop\Projects\Website\includes\Auth.php(12): Database::getInstance()
#2 C:\Users\Ismail\Desktop\Projects\Website\includes\Auth.php(18): Auth->__construct()
#3 C:\Users\Ismail\Desktop\Projects\Website\index.php(6): Auth::getInstance()
#4 {main}
  thrown in C:\Users\Ismail\Desktop\Projects\Website\includes\Database.php on line 15
[11-Apr-2025 20:01:33 UTC] Database connection failed: could not find driver
[11-Apr-2025 20:01:33 UTC] PHP Fatal error:  Uncaught Exception: Database connection failed. Please try again later. in C:\Users\Ismail\Desktop\Projects\Website\includes\Database.php:15
Stack trace:
#0 C:\Users\Ismail\Desktop\Projects\Website\includes\Database.php(21): Database->__construct()
#1 C:\Users\Ismail\Desktop\Projects\Website\includes\Auth.php(12): Database::getInstance()
#2 C:\Users\Ismail\Desktop\Projects\Website\includes\Auth.php(18): Auth->__construct()
#3 C:\Users\Ismail\Desktop\Projects\Website\index.php(6): Auth::getInstance()
#4 {main}
  thrown in C:\Users\Ismail\Desktop\Projects\Website\includes\Database.php on line 15
[11-Apr-2025 20:01:58 UTC] Database connection failed: could not find driver
[11-Apr-2025 20:01:58 UTC] PHP Fatal error:  Uncaught Exception: Database connection failed. Please try again later. in C:\Users\Ismail\Desktop\Projects\Website\includes\Database.php:15
Stack trace:
#0 C:\Users\Ismail\Desktop\Projects\Website\includes\Database.php(21): Database->__construct()
#1 C:\Users\Ismail\Desktop\Projects\Website\includes\Auth.php(12): Database::getInstance()
#2 C:\Users\Ismail\Desktop\Projects\Website\includes\Auth.php(18): Auth->__construct()
#3 C:\Users\Ismail\Desktop\Projects\Website\index.php(6): Auth::getInstance()
#4 {main}
  thrown in C:\Users\Ismail\Desktop\Projects\Website\includes\Database.php on line 15
[11-Apr-2025 20:03:47 UTC] PHP Warning:  SQLite3Stmt::execute(): Unable to execute statement: UNIQUE constraint failed: users.username in C:\Users\Ismail\Desktop\Projects\Website\includes\Database.php on line 42
[11-Apr-2025 20:03:47 UTC] Query failed: UNIQUE constraint failed: users.username
[2025-04-11 20:03:47] ERROR: Setup failed Context: {"error":"Database operation failed. Please try again later."}
[11-Apr-2025 20:04:26 UTC] PHP Fatal error:  Uncaught Error: Class "SQLite3" not found in C:\Users\Ismail\Desktop\Projects\Website\includes\Database.php:10
Stack trace:
#0 C:\Users\Ismail\Desktop\Projects\Website\includes\Database.php(22): Database->__construct()
#1 C:\Users\Ismail\Desktop\Projects\Website\includes\Auth.php(12): Database::getInstance()
#2 C:\Users\Ismail\Desktop\Projects\Website\includes\Auth.php(18): Auth->__construct()
#3 C:\Users\Ismail\Desktop\Projects\Website\index.php(6): Auth::getInstance()
#4 {main}
  thrown in C:\Users\Ismail\Desktop\Projects\Website\includes\Database.php on line 10
[11-Apr-2025 20:04:27 UTC] PHP Fatal error:  Uncaught Error: Class "SQLite3" not found in C:\Users\Ismail\Desktop\Projects\Website\includes\Database.php:10
Stack trace:
#0 C:\Users\Ismail\Desktop\Projects\Website\includes\Database.php(22): Database->__construct()
#1 C:\Users\Ismail\Desktop\Projects\Website\includes\Auth.php(12): Database::getInstance()
#2 C:\Users\Ismail\Desktop\Projects\Website\includes\Auth.php(18): Auth->__construct()
#3 C:\Users\Ismail\Desktop\Projects\Website\index.php(6): Auth::getInstance()
#4 {main}
  thrown in C:\Users\Ismail\Desktop\Projects\Website\includes\Database.php on line 10
[11-Apr-2025 20:06:06 UTC] Database connection failed: could not find driver
[11-Apr-2025 20:06:06 UTC] PHP Fatal error:  Uncaught Exception: Database connection failed. Please try again later. in C:\Users\Ismail\Desktop\Projects\Website\includes\Database.php:15
Stack trace:
#0 C:\Users\Ismail\Desktop\Projects\Website\includes\Database.php(21): Database->__construct()
#1 C:\Users\Ismail\Desktop\Projects\Website\includes\Auth.php(12): Database::getInstance()
#2 C:\Users\Ismail\Desktop\Projects\Website\includes\Auth.php(18): Auth->__construct()
#3 C:\Users\Ismail\Desktop\Projects\Website\index.php(6): Auth::getInstance()
#4 {main}
  thrown in C:\Users\Ismail\Desktop\Projects\Website\includes\Database.php on line 15
